<?xml version="1.0" encoding="UTF-8"?>
<!-- Generated by org.testng.reporters.JUnitReportReporter -->
<testsuite hostname="Roar.local" failures="0" tests="2" name="cucumberOptions.testRunner" time="35.139" errors="0" timestamp="28 Feb 2019 18:00:31 GMT" skipped="0">
  <testcase classname="cucumberOptions.testRunner" name="runScenario" time="16.629"/>
  <testcase classname="cucumberOptions.testRunner" name="runScenario" time="18.510"/>
</testsuite> <!-- cucumberOptions.testRunner -->
