<?xml version="1.0" encoding="UTF-8"?>
<!-- Generated by org.testng.reporters.JUnitReportReporter -->
<testsuite hostname="Roar.local" failures="0" tests="2" name="Academy.HomePage" time="13.104" errors="0" timestamp="26 Feb 2019 17:43:50 GMT" skipped="0">
  <testcase classname="Academy.HomePage" name="basePageNavigation" time="4.673"/>
  <testcase classname="Academy.HomePage" name="basePageNavigation" time="8.431"/>
</testsuite> <!-- Academy.HomePage -->
