<?xml version="1.0" encoding="UTF-8"?>
<!-- Generated by org.testng.reporters.JUnitReportReporter -->
<testsuite hostname="Roar.local" failures="0" tests="1" name="Academy.validateNavigationBar" time="0.042" errors="0" timestamp="26 Feb 2019 17:43:50 GMT" skipped="0">
  <testcase classname="Academy.validateNavigationBar" name="validateAppNavBar" time="0.042"/>
</testsuite> <!-- Academy.validateNavigationBar -->
